<?xml version="1.0" encoding="UTF-8"?>
<!-- Generated by org.testng.reporters.JUnitReportReporter -->
<testsuite hostname="cdc2-l-f53p4dj" failures="0" tests="1" name="JsonSchemaValidations.jsonSchemaHamcrestMatcher" time="0.470" errors="0" timestamp="2025-02-22T19:23:05 IST" skipped="0">
  <testcase classname="JsonSchemaValidations.jsonSchemaHamcrestMatcher" name="hamcrestMatch" time="0.470"/>
</testsuite> <!-- JsonSchemaValidations.jsonSchemaHamcrestMatcher -->
