<?xml version="1.0" encoding="UTF-8"?>
<!-- Generated by org.testng.reporters.JUnitReportReporter -->
<testsuite hostname="cdc2-l-f53p4dj" failures="0" tests="1" name="SerializationOfJson.serializationPOJO" time="0.312" errors="0" timestamp="2025-02-14T17:12:48 IST" skipped="0">
  <testcase classname="SerializationOfJson.serializationPOJO" name="execution" time="0.312"/>
</testsuite> <!-- SerializationOfJson.serializationPOJO -->
