<?xml version="1.0" encoding="UTF-8"?>
<!-- Generated by org.testng.reporters.JUnitReportReporter -->
<testsuite hostname="cdc2-l-f53p4dj" failures="0" tests="2" name="BDDApproach.jsonSchemaValidations" time="2.343" errors="0" timestamp="2025-01-03T21:33:23 IST" skipped="1">
  <testcase classname="BDDApproach.jsonSchemaValidations" name="schemaValidator" time="2.343"/>
  <testcase classname="BDDApproach.jsonSchemaValidations" name="schemaValidatorWithInClassPath">
    <skipped/>
  </testcase> <!-- schemaValidatorWithInClassPath -->
</testsuite> <!-- BDDApproach.jsonSchemaValidations -->
