<?xml version="1.0" encoding="UTF-8"?>
<!-- Generated by org.testng.reporters.JUnitReportReporter -->
<testsuite hostname="cdc2-l-f53p4dj" failures="0" tests="1" name="BDDApproach.SerializationJSON" time="2.225" errors="0" timestamp="2025-01-03T21:08:06 IST" skipped="0">
  <testcase classname="BDDApproach.SerializationJSON" name="serialization" time="2.225"/>
</testsuite> <!-- BDDApproach.SerializationJSON -->
