<?xml version="1.0" encoding="UTF-8"?>
<!-- Generated by org.testng.reporters.JUnitReportReporter -->
<testsuite hostname="cdc2-l-f53p4dj" failures="0" tests="1" name="BDDApproach.serializationBussinessLayer" time="0.302" errors="0" timestamp="2025-01-02T16:03:16 IST" skipped="0">
  <testcase classname="BDDApproach.serializationBussinessLayer" name="execution" time="0.302"/>
</testsuite> <!-- BDDApproach.serializationBussinessLayer -->
