<?xml version="1.0" encoding="UTF-8"?>
<!-- Generated by org.testng.reporters.JUnitReportReporter -->
<testsuite hostname="cdc2-l-f53p4dj" failures="0" tests="4" name="BDDApproach.APIMethods" time="2.065" errors="0" timestamp="2025-02-25T09:55:03 IST" skipped="3">
  <testcase classname="BDDApproach.APIMethods" name="postMethod" time="2.065"/>
  <testcase classname="BDDApproach.APIMethods" name="deleteMethod">
    <skipped/>
  </testcase> <!-- deleteMethod -->
  <testcase classname="BDDApproach.APIMethods" name="getMethod">
    <skipped/>
  </testcase> <!-- getMethod -->
  <testcase classname="BDDApproach.APIMethods" name="patchMethod">
    <skipped/>
  </testcase> <!-- patchMethod -->
</testsuite> <!-- BDDApproach.APIMethods -->
