<?xml version="1.0" encoding="UTF-8"?>
<!-- Generated by org.testng.reporters.JUnitReportReporter -->
<testsuite hostname="cdc2-l-f53p4dj" failures="0" tests="1" name="SerializationOfJson.SerializationJSON" time="0.012" errors="0" timestamp="2025-01-29T09:14:55 IST" skipped="0">
  <testcase classname="SerializationOfJson.SerializationJSON" name="serialization" time="0.012"/>
</testsuite> <!-- SerializationOfJson.SerializationJSON -->
