<?xml version="1.0" encoding="UTF-8"?>
<!-- Generated by org.testng.reporters.JUnitReportReporter -->
<testsuite hostname="cdc2-l-f53p4dj" failures="0" tests="1" name="JsonSchemaValidations.jsonSchemaNetworkNT" time="0.292" errors="0" timestamp="2025-01-05T20:38:46 IST" skipped="0">
  <testcase classname="JsonSchemaValidations.jsonSchemaNetworkNT" name="schemaValidationNetworkNT" time="0.292"/>
</testsuite> <!-- JsonSchemaValidations.jsonSchemaNetworkNT -->
