<?xml version="1.0" encoding="UTF-8"?>
<!-- Generated by org.testng.reporters.JUnitReportReporter -->
<testsuite hostname="cdc2-l-f53p4dj" failures="0" tests="2" name="nonBDDApproach.GetMethod" time="1.900" errors="0" timestamp="2025-01-01T00:46:27 IST" skipped="0">
  <testcase classname="nonBDDApproach.GetMethod" name="getMethod" time="1.527"/>
  <testcase classname="nonBDDApproach.GetMethod" name="postMethod" time="0.373"/>
</testsuite> <!-- nonBDDApproach.GetMethod -->
