<?xml version="1.0" encoding="UTF-8"?>
<!-- Generated by org.testng.reporters.JUnitReportReporter -->
<testsuite hostname="cdc2-l-f53p4dj" failures="0" tests="4" name="nonBDDApproach.APIMethods" time="1.824" errors="0" timestamp="2025-01-01T16:01:50 IST" skipped="3">
  <testcase classname="nonBDDApproach.APIMethods" name="putMethod" time="1.824"/>
  <testcase classname="nonBDDApproach.APIMethods" name="postMethod">
    <skipped/>
  </testcase> <!-- postMethod -->
  <testcase classname="nonBDDApproach.APIMethods" name="getMethod">
    <skipped/>
  </testcase> <!-- getMethod -->
  <testcase classname="nonBDDApproach.APIMethods" name="deleteMethod">
    <skipped/>
  </testcase> <!-- deleteMethod -->
</testsuite> <!-- nonBDDApproach.APIMethods -->
