<?xml version="1.0" encoding="UTF-8"?>
<!-- Generated by org.testng.reporters.JUnitReportReporter -->
<testsuite hostname="cdc2-l-f53p4dj" failures="0" tests="1" name="BDDApproach.serializationPOJO" time="0.266" errors="0" timestamp="2025-01-02T16:38:47 IST" skipped="0">
  <testcase classname="BDDApproach.serializationPOJO" name="execution" time="0.266"/>
</testsuite> <!-- BDDApproach.serializationPOJO -->
