<?xml version="1.0" encoding="UTF-8"?>
<!-- Generated by org.testng.reporters.JUnitReportReporter -->
<testsuite hostname="cdc2-l-f53p4dj" failures="0" tests="1" name="nonBDDApproach.BodyFromFile" time="2.609" errors="0" timestamp="2025-01-01T19:11:34 IST" skipped="0">
  <testcase classname="nonBDDApproach.BodyFromFile" name="bodyFromFile" time="2.609"/>
</testsuite> <!-- nonBDDApproach.BodyFromFile -->
