<?xml version="1.0" encoding="UTF-8"?>
<!-- Generated by org.testng.reporters.JUnitReportReporter -->
<testsuite hostname="cdc2-l-f53p4dj" failures="0" tests="2" name="JsonSchemaValidations.jsonSchemaRestAssured" time="2.570" errors="0" timestamp="2025-01-05T20:21:26 IST" skipped="0">
  <testcase classname="JsonSchemaValidations.jsonSchemaRestAssured" name="schemaValidatorWithInClassPath" time="0.428"/>
  <testcase classname="JsonSchemaValidations.jsonSchemaRestAssured" name="schemaValidator" time="2.142"/>
</testsuite> <!-- JsonSchemaValidations.jsonSchemaRestAssured -->
